<?xml version="1.0" encoding="UTF-8"?>
<!-- Generated by org.testng.reporters.JUnitXMLReporter -->
<testsuite ignored="0" hostname="MR-ROBOT" failures="1" tests="3" name="Error Validations Test" time="33.248" errors="0" timestamp="2025-05-28T12:35:55 PDT">
  <testcase classname="Projects.FrameWorkDevelopment.ErrorValidations" name="LoginErrorValidation" time="3.841">
    <skipped/>
  </testcase> <!-- LoginErrorValidation -->
  <testcase classname="Projects.FrameWorkDevelopment.ErrorValidations" name="LoginErrorValidation" time="0.828">
    <failure type="java.lang.AssertionError" message="expected [Incorrect email or password.] but found [Incorrect  or password]">
      <![CDATA[java.lang.AssertionError: expected [Incorrect email or password.] but found [Incorrect  or password]
at Projects.FrameWorkDevelopment.ErrorValidations.LoginErrorValidation(ErrorValidations.java:38)
at java.base/java.util.ArrayList.forEach(ArrayList.java:1596)
at java.base/java.util.concurrent.FutureTask.run(FutureTask.java:317)
at java.base/java.util.concurrent.ThreadPoolExecutor.runWorker(ThreadPoolExecutor.java:1144)
at java.base/java.util.concurrent.ThreadPoolExecutor$Worker.run(ThreadPoolExecutor.java:642)
at java.base/java.lang.Thread.run(Thread.java:1583)
... Removed 21 stack frames]]>
    </failure>
  </testcase> <!-- LoginErrorValidation -->
  <testcase classname="Projects.FrameWorkDevelopment.ErrorValidations" name="ProductValidation" time="13.207"/>
</testsuite> <!-- Error Validations Test -->
