<?xml version="1.0" encoding="UTF-8"?>
<testng-results retried="1" ignored="1" total="7" passed="4" failed="1" skipped="0">
  <reporter-output>
  </reporter-output>
  <suite started-at="2025-05-28T12:35:21 PDT" name="Suite" finished-at="2025-05-28T12:36:10 PDT" duration-ms="48470">
    <groups>
      <group name="ErrorHandling">
        <method signature="ErrorValidations.LoginErrorValidation()[pri:0, instance:Projects.FrameWorkDevelopment.ErrorValidations@4a00d9cf]" name="LoginErrorValidation" class="Projects.FrameWorkDevelopment.ErrorValidations"/>
      </group> <!-- ErrorHandling -->
      <group name="purchase">
        <method signature="SubmitOrderTest.submittest(java.util.HashMap)[pri:0, instance:Projects.FrameWorkDevelopment.SubmitOrderTest@38af9828]" name="submittest" class="Projects.FrameWorkDevelopment.SubmitOrderTest"/>
      </group> <!-- purchase -->
    </groups>
    <test started-at="2025-05-28T12:35:21 PDT" name="Error Validations Test" finished-at="2025-05-28T12:35:55 PDT" duration-ms="33248">
      <class name="Projects.FrameWorkDevelopment.ErrorValidations">
        <test-method is-config="true" signature="launchApplication()[pri:0, instance:Projects.FrameWorkDevelopment.ErrorValidations@4a00d9cf]" started-at="2025-05-28T12:35:21 PDT" name="launchApplication" finished-at="2025-05-28T12:35:25 PDT" duration-ms="3727" status="PASS">
          <reporter-output>
          </reporter-output>
        </test-method> <!-- launchApplication -->
        <test-method retried="true" signature="LoginErrorValidation()[pri:0, instance:Projects.FrameWorkDevelopment.ErrorValidations@4a00d9cf]" started-at="2025-05-28T12:35:25 PDT" name="LoginErrorValidation" finished-at="2025-05-28T12:35:29 PDT" duration-ms="3841" status="SKIP">
          <exception class="java.lang.AssertionError">
            <message>
              <![CDATA[expected [Incorrect email or password.] but found [Incorrect  or password]]]>
            </message>
            <full-stacktrace>
              <![CDATA[java.lang.AssertionError: expected [Incorrect email or password.] but found [Incorrect  or password]
at org.testng.Assert.fail(Assert.java:111)
at org.testng.Assert.failNotEquals(Assert.java:1578)
at org.testng.Assert.assertEqualsImpl(Assert.java:150)
at org.testng.Assert.assertEquals(Assert.java:132)
at org.testng.Assert.assertEquals(Assert.java:656)
at org.testng.Assert.assertEquals(Assert.java:666)
at Projects.FrameWorkDevelopment.ErrorValidations.LoginErrorValidation(ErrorValidations.java:38)
at java.base/jdk.internal.reflect.DirectMethodHandleAccessor.invoke(DirectMethodHandleAccessor.java:103)
at java.base/java.lang.reflect.Method.invoke(Method.java:580)
at org.testng.internal.invokers.MethodInvocationHelper.invokeMethod(MethodInvocationHelper.java:141)
at org.testng.internal.invokers.TestInvoker.invokeMethod(TestInvoker.java:686)
at org.testng.internal.invokers.TestInvoker.invokeTestMethod(TestInvoker.java:230)
at org.testng.internal.invokers.MethodRunner.runInSequence(MethodRunner.java:63)
at org.testng.internal.invokers.TestInvoker$MethodInvocationAgent.invoke(TestInvoker.java:992)
at org.testng.internal.invokers.TestInvoker.invokeTestMethods(TestInvoker.java:203)
at org.testng.internal.invokers.TestMethodWorker.invokeTestMethods(TestMethodWorker.java:154)
at org.testng.internal.invokers.TestMethodWorker.run(TestMethodWorker.java:134)
at java.base/java.util.ArrayList.forEach(ArrayList.java:1596)
at org.testng.TestRunner.privateRun(TestRunner.java:739)
at org.testng.TestRunner.run(TestRunner.java:614)
at org.testng.SuiteRunner.runTest(SuiteRunner.java:421)
at org.testng.SuiteRunner$SuiteWorker.run(SuiteRunner.java:463)
at org.testng.internal.thread.ThreadUtil.lambda$execute$0(ThreadUtil.java:64)
at java.base/java.util.concurrent.FutureTask.run(FutureTask.java:317)
at java.base/java.util.concurrent.ThreadPoolExecutor.runWorker(ThreadPoolExecutor.java:1144)
at java.base/java.util.concurrent.ThreadPoolExecutor$Worker.run(ThreadPoolExecutor.java:642)
at java.base/java.lang.Thread.run(Thread.java:1583)
]]>
            </full-stacktrace>
          </exception> <!-- java.lang.AssertionError -->
          <reporter-output>
          </reporter-output>
        </test-method> <!-- LoginErrorValidation -->
        <test-method is-config="true" signature="tearDown()[pri:0, instance:Projects.FrameWorkDevelopment.ErrorValidations@4a00d9cf]" started-at="2025-05-28T12:35:29 PDT" name="tearDown" finished-at="2025-05-28T12:35:29 PDT" duration-ms="122" status="PASS">
          <reporter-output>
          </reporter-output>
        </test-method> <!-- tearDown -->
        <test-method is-config="true" signature="launchApplication()[pri:0, instance:Projects.FrameWorkDevelopment.ErrorValidations@4a00d9cf]" started-at="2025-05-28T12:35:29 PDT" name="launchApplication" finished-at="2025-05-28T12:35:34 PDT" duration-ms="4922" status="PASS">
          <reporter-output>
          </reporter-output>
        </test-method> <!-- launchApplication -->
        <test-method signature="LoginErrorValidation()[pri:0, instance:Projects.FrameWorkDevelopment.ErrorValidations@4a00d9cf]" started-at="2025-05-28T12:35:34 PDT" name="LoginErrorValidation" finished-at="2025-05-28T12:35:35 PDT" duration-ms="828" status="FAIL">
          <exception class="java.lang.AssertionError">
            <message>
              <![CDATA[expected [Incorrect email or password.] but found [Incorrect  or password]]]>
            </message>
            <full-stacktrace>
              <![CDATA[java.lang.AssertionError: expected [Incorrect email or password.] but found [Incorrect  or password]
at org.testng.Assert.fail(Assert.java:111)
at org.testng.Assert.failNotEquals(Assert.java:1578)
at org.testng.Assert.assertEqualsImpl(Assert.java:150)
at org.testng.Assert.assertEquals(Assert.java:132)
at org.testng.Assert.assertEquals(Assert.java:656)
at org.testng.Assert.assertEquals(Assert.java:666)
at Projects.FrameWorkDevelopment.ErrorValidations.LoginErrorValidation(ErrorValidations.java:38)
at java.base/jdk.internal.reflect.DirectMethodHandleAccessor.invoke(DirectMethodHandleAccessor.java:103)
at java.base/java.lang.reflect.Method.invoke(Method.java:580)
at org.testng.internal.invokers.MethodInvocationHelper.invokeMethod(MethodInvocationHelper.java:141)
at org.testng.internal.invokers.TestInvoker.invokeMethod(TestInvoker.java:686)
at org.testng.internal.invokers.TestInvoker.retryFailed(TestInvoker.java:269)
at org.testng.internal.invokers.MethodRunner.runInSequence(MethodRunner.java:76)
at org.testng.internal.invokers.TestInvoker$MethodInvocationAgent.invoke(TestInvoker.java:992)
at org.testng.internal.invokers.TestInvoker.invokeTestMethods(TestInvoker.java:203)
at org.testng.internal.invokers.TestMethodWorker.invokeTestMethods(TestMethodWorker.java:154)
at org.testng.internal.invokers.TestMethodWorker.run(TestMethodWorker.java:134)
at java.base/java.util.ArrayList.forEach(ArrayList.java:1596)
at org.testng.TestRunner.privateRun(TestRunner.java:739)
at org.testng.TestRunner.run(TestRunner.java:614)
at org.testng.SuiteRunner.runTest(SuiteRunner.java:421)
at org.testng.SuiteRunner$SuiteWorker.run(SuiteRunner.java:463)
at org.testng.internal.thread.ThreadUtil.lambda$execute$0(ThreadUtil.java:64)
at java.base/java.util.concurrent.FutureTask.run(FutureTask.java:317)
at java.base/java.util.concurrent.ThreadPoolExecutor.runWorker(ThreadPoolExecutor.java:1144)
at java.base/java.util.concurrent.ThreadPoolExecutor$Worker.run(ThreadPoolExecutor.java:642)
at java.base/java.lang.Thread.run(Thread.java:1583)
]]>
            </full-stacktrace>
          </exception> <!-- java.lang.AssertionError -->
          <reporter-output>
          </reporter-output>
        </test-method> <!-- LoginErrorValidation -->
        <test-method is-config="true" signature="tearDown()[pri:0, instance:Projects.FrameWorkDevelopment.ErrorValidations@4a00d9cf]" started-at="2025-05-28T12:35:35 PDT" name="tearDown" finished-at="2025-05-28T12:35:36 PDT" duration-ms="477" status="PASS">
          <reporter-output>
          </reporter-output>
        </test-method> <!-- tearDown -->
        <test-method is-config="true" signature="launchApplication()[pri:0, instance:Projects.FrameWorkDevelopment.ErrorValidations@4a00d9cf]" started-at="2025-05-28T12:35:36 PDT" name="launchApplication" finished-at="2025-05-28T12:35:41 PDT" duration-ms="5204" status="PASS">
          <reporter-output>
          </reporter-output>
        </test-method> <!-- launchApplication -->
        <test-method signature="ProductValidation()[pri:0, instance:Projects.FrameWorkDevelopment.ErrorValidations@4a00d9cf]" started-at="2025-05-28T12:35:41 PDT" name="ProductValidation" finished-at="2025-05-28T12:35:54 PDT" duration-ms="13207" status="PASS">
          <reporter-output>
          </reporter-output>
        </test-method> <!-- ProductValidation -->
        <test-method is-config="true" signature="tearDown()[pri:0, instance:Projects.FrameWorkDevelopment.ErrorValidations@4a00d9cf]" started-at="2025-05-28T12:35:54 PDT" name="tearDown" finished-at="2025-05-28T12:35:55 PDT" duration-ms="272" status="PASS">
          <reporter-output>
          </reporter-output>
        </test-method> <!-- tearDown -->
      </class> <!-- Projects.FrameWorkDevelopment.ErrorValidations -->
    </test> <!-- Error Validations Test -->
    <test started-at="2025-05-28T12:35:21 PDT" name="Submit Order Test" finished-at="2025-05-28T12:36:10 PDT" duration-ms="48470">
      <class name="Projects.FrameWorkDevelopment.SubmitOrderTest">
        <test-method is-config="true" signature="launchApplication()[pri:0, instance:Projects.FrameWorkDevelopment.SubmitOrderTest@38af9828]" started-at="2025-05-28T12:35:22 PDT" name="launchApplication" finished-at="2025-05-28T12:35:28 PDT" duration-ms="6087" status="PASS">
          <reporter-output>
          </reporter-output>
        </test-method> <!-- launchApplication -->
        <test-method signature="submittest(java.util.HashMap)[pri:0, instance:Projects.FrameWorkDevelopment.SubmitOrderTest@38af9828]" started-at="2025-05-28T12:35:28 PDT" name="submittest" data-provider="getData" finished-at="2025-05-28T12:35:43 PDT" duration-ms="14880" status="PASS">
          <params>
            <param index="0">
              <value>
                <![CDATA[{password=Chin@123, product=ZARA COAT 3, email=cpatel@gmail.com}]]>
              </value>
            </param>
          </params>
          <reporter-output>
          </reporter-output>
        </test-method> <!-- submittest -->
        <test-method is-config="true" signature="tearDown()[pri:0, instance:Projects.FrameWorkDevelopment.SubmitOrderTest@38af9828]" started-at="2025-05-28T12:35:43 PDT" name="tearDown" finished-at="2025-05-28T12:35:43 PDT" duration-ms="85" status="PASS">
          <reporter-output>
          </reporter-output>
        </test-method> <!-- tearDown -->
        <test-method is-config="true" signature="launchApplication()[pri:0, instance:Projects.FrameWorkDevelopment.SubmitOrderTest@38af9828]" started-at="2025-05-28T12:35:43 PDT" name="launchApplication" finished-at="2025-05-28T12:35:49 PDT" duration-ms="6110" status="PASS">
          <reporter-output>
          </reporter-output>
        </test-method> <!-- launchApplication -->
        <test-method signature="submittest(java.util.HashMap)[pri:0, instance:Projects.FrameWorkDevelopment.SubmitOrderTest@38af9828]" started-at="2025-05-28T12:35:49 PDT" name="submittest" data-provider="getData" finished-at="2025-05-28T12:36:03 PDT" duration-ms="14477" status="PASS">
          <params>
            <param index="0">
              <value>
                <![CDATA[{password=Chin@123, product=ZARA COAT 3, email=cpatel@gmail.com}]]>
              </value>
            </param>
          </params>
          <reporter-output>
          </reporter-output>
        </test-method> <!-- submittest -->
        <test-method is-config="true" signature="tearDown()[pri:0, instance:Projects.FrameWorkDevelopment.SubmitOrderTest@38af9828]" started-at="2025-05-28T12:36:03 PDT" name="tearDown" finished-at="2025-05-28T12:36:03 PDT" duration-ms="103" status="PASS">
          <reporter-output>
          </reporter-output>
        </test-method> <!-- tearDown -->
        <test-method is-config="true" signature="launchApplication()[pri:0, instance:Projects.FrameWorkDevelopment.SubmitOrderTest@38af9828]" started-at="2025-05-28T12:36:03 PDT" name="launchApplication" finished-at="2025-05-28T12:36:08 PDT" duration-ms="5053" status="PASS">
          <reporter-output>
          </reporter-output>
        </test-method> <!-- launchApplication -->
        <test-method signature="OrderHistoryTest()[pri:0, instance:Projects.FrameWorkDevelopment.SubmitOrderTest@38af9828]" started-at="2025-05-28T12:36:08 PDT" name="OrderHistoryTest" finished-at="2025-05-28T12:36:10 PDT" depends-on-methods="Projects.FrameWorkDevelopment.SubmitOrderTest.submittest" duration-ms="1217" status="PASS">
          <reporter-output>
          </reporter-output>
        </test-method> <!-- OrderHistoryTest -->
        <test-method is-config="true" signature="tearDown()[pri:0, instance:Projects.FrameWorkDevelopment.SubmitOrderTest@38af9828]" started-at="2025-05-28T12:36:10 PDT" name="tearDown" finished-at="2025-05-28T12:36:10 PDT" duration-ms="95" status="PASS">
          <reporter-output>
          </reporter-output>
        </test-method> <!-- tearDown -->
      </class> <!-- Projects.FrameWorkDevelopment.SubmitOrderTest -->
    </test> <!-- Submit Order Test -->
  </suite> <!-- Suite -->
</testng-results>
